[0m
[0m [0m [0m [0m [0m [0m [0m [0m [0m [0m [0m [0m [0m [0m [0m [0m [0m [0m [0m [0m [0m [0m [0m [0m [0m [0m [0m [0m [0m [0m [0m [0m [0m [0m [0m [0m [0m [0m [0m [0m [0m [0m [0m [0m [0m [0m [0m [0m [0m [0m [0m [0m [0m [0m [0m [0m [0m [0m [0m [48;5;255m [48;5;255m [0m [0m [0m [0m [0m [0m [0m [0m [0m [0m [0m [0m
[0m [0m [0m [0m [0m [0m [0m [0m [0m [0m [0m [0m [0m [0m [0m [0m [0m [0m [0m [0m [0m [0m [0m [0m [0m [0m [0m [0m [0m [0m [0m [0m [0m [0m [0m [0m [0m [0m [0m [0m [0m [0m [0m [0m [0m [0m [0m [0m [0m [0m [0m [0m [0m [0m [0m [0m [0m [0m [0m [48;5;255m [48;5;255m [0m [0m [0m [0m [0m [0m [0m [0m [0m [0m [0m [0m
[0m [0m [0m [0m [0m [0m [0m [0m [0m [0m [0m [0m [0m [0m [0m [0m [0m [0m [0m [0m [0m [0m [0m [0m [0m [0m [0m [0m [0m [0m [0m [0m [0m [0m [0m [0m [0m [0m [0m [0m [0m [0m [0m [0m [0m [0m [0m [0m [0m [0m [0m [0m [0m [0m [0m [0m [0m [0m [0m [48;5;255m [48;5;255m [0m [0m [0m [0m [0m [0m [0m [0m [0m [0m [0m [0m
[48;5;255m [48;5;255m [48;5;255m [48;5;255m [48;5;255m [48;5;255m [48;5;255m [0m [0m [48;5;255m [48;5;255m [48;5;255m [48;5;255m [48;5;255m [48;5;255m [48;5;255m [48;5;255m [0m [0m [48;5;255m [48;5;255m [48;5;255m [48;5;255m [48;5;255m [48;5;255m [48;5;255m [48;5;255m [48;5;255m [48;5;255m [48;5;255m [48;5;255m [0m [0m [48;5;255m [48;5;255m [48;5;255m [48;5;255m [48;5;255m [48;5;255m [48;5;255m [48;5;255m [0m [0m [48;5;255m [48;5;255m [48;5;255m [48;5;255m [48;5;255m [48;5;255m [48;5;255m [48;5;255m [0m [0m [48;5;255m [48;5;255m [48;5;255m [48;5;255m [48;5;255m [48;5;255m [48;5;255m [48;5;255m [0m [0m [48;5;255m [48;5;255m [48;5;255m [48;5;255m [48;5;255m [48;5;255m [48;5;255m [48;5;255m [0m [0m [48;5;255m [48;5;255m [48;5;255m [48;5;255m [48;5;255m [48;5;255m [48;5;255m [48;5;255m [0m
[48;5;255m [48;5;255m [0m [0m [0m [0m [0m [0m [0m [48;5;255m [48;5;255m [0m [0m [0m [0m [48;5;255m [48;5;255m [0m [0m [48;5;255m [48;5;255m [0m [0m [0m [48;5;255m [48;5;255m [0m [0m [0m [48;5;255m [48;5;255m [0m [0m [48;5;255m [48;5;255m [0m [0m [0m [0m [48;5;255m [48;5;255m [0m [0m [48;5;255m [48;5;255m [0m [0m [0m [0m [48;5;255m [48;5;255m [0m [0m [48;5;255m [48;5;255m [0m [0m [0m [0m [48;5;255m [48;5;255m [0m [0m [48;5;255m [48;5;255m [0m [0m [0m [0m [48;5;255m [48;5;255m [0m [0m [48;5;255m [48;5;255m [0m
[48;5;255m [48;5;255m [0m [0m [0m [0m [0m [0m [0m [48;5;255m [48;5;255m [0m [0m [0m [0m [48;5;255m [48;5;255m [0m [0m [48;5;255m [48;5;255m [0m [0m [0m [48;5;255m [48;5;255m [0m [0m [0m [48;5;255m [48;5;255m [0m [0m [48;5;255m [48;5;255m [0m [0m [0m [0m [48;5;255m [48;5;255m [0m [0m [48;5;255m [48;5;255m [0m [0m [0m [0m [48;5;255m [48;5;255m [0m [0m [48;5;255m [48;5;255m [0m [0m [0m [0m [48;5;255m [48;5;255m [0m [0m [48;5;255m [48;5;255m [0m [0m [0m [0m [48;5;255m [48;5;255m [0m [0m [48;5;255m [48;5;255m [0m
[48;5;255m [48;5;255m [0m [0m [0m [0m [0m [0m [0m [48;5;255m [48;5;255m [0m [0m [0m [0m [48;5;255m [48;5;255m [0m [0m [48;5;255m [48;5;255m [0m [0m [0m [48;5;255m [48;5;255m [0m [0m [0m [48;5;255m [48;5;255m [0m [0m [48;5;255m [48;5;255m [0m [0m [0m [0m [48;5;255m [48;5;255m [0m [0m [48;5;255m [48;5;255m [0m [0m [0m [0m [48;5;255m [48;5;255m [0m [0m [48;5;255m [48;5;255m [0m [0m [0m [0m [48;5;255m [48;5;255m [0m [0m [48;5;255m [48;5;255m [0m [0m [0m [0m [48;5;255m [48;5;255m [0m [0m [48;5;255m [48;5;255m [0m
[48;5;255m [48;5;255m [48;5;255m [48;5;255m [48;5;255m [48;5;255m [48;5;255m [0m [0m [48;5;255m [48;5;255m [48;5;255m [48;5;255m [48;5;255m [48;5;255m [48;5;255m [48;5;255m [0m [0m [48;5;255m [48;5;255m [0m [0m [0m [48;5;255m [48;5;255m [0m [0m [0m [48;5;255m [48;5;255m [0m [0m [48;5;255m [48;5;255m [48;5;255m [48;5;255m [48;5;255m [48;5;255m [48;5;255m [48;5;255m [0m [0m [48;5;255m [48;5;255m [48;5;255m [48;5;255m [48;5;255m [48;5;255m [48;5;255m [48;5;255m [0m [0m [48;5;255m [48;5;255m [48;5;255m [48;5;255m [48;5;255m [48;5;255m [48;5;255m [48;5;255m [0m [0m [48;5;255m [48;5;255m [48;5;255m [48;5;255m [48;5;255m [48;5;255m [48;5;255m [48;5;255m [0m [0m [48;5;255m [48;5;255m [48;5;255m [48;5;255m [48;5;255m [48;5;255m [48;5;255m [48;5;255m [0m
[0m [0m [0m [0m [0m [0m [0m [0m [0m [0m [0m [0m [0m [0m [0m [0m [0m [0m [0m [0m [0m [0m [0m [0m [0m [0m [0m [0m [0m [0m [0m [0m [0m [48;5;255m [48;5;255m [0m [0m [0m [0m [0m [0m [0m [0m [0m [0m [0m [0m
[0m [0m [0m [0m [0m [0m [0m [0m [0m [0m [0m [0m [0m [0m [0m [0m [0m [0m [0m [0m [0m [0m [0m [0m [0m [0m [0m [0m [0m [0m [0m [0m [0m [48;5;255m [48;5;255m [0m [0m [0m [0m [0m [0m [0m [0m [0m [0m [0m [0m
[0m [0m [0m [0m [0m [0m [0m [0m [0m [0m [0m [0m [0m [0m [0m [0m [0m [0m [0m [0m [0m [0m [0m [0m [0m [0m [0m [0m [0m [0m [0m [0m [0m [48;5;255m [48;5;255m [0m [0m [0m [0m [0m [0m [0m [0m [0m [0m [0m [0m

1.1.19

TypeScript version used by Compodoc : 4.5.5

TypeScript version of current project : 4.3.5

Node.js version : v16.13.1

Operating system : Windows 10

[10:10:06] No configuration file found, switching to CLI flags.
[10:10:06] Using tsconfig file : C:\Angular\pizza-order220304\tsconfig.json
[10:10:06] Including      : C:\Angular\pizza-order220304\.editorconfig
[10:10:06] Including      : C:\Angular\pizza-order220304\.browserslistrc
[10:10:06] Including      : C:\Angular\pizza-order220304\.gitignore
[10:10:06] Including      : C:\Angular\pizza-order220304\angular.json
[10:10:06] Including      : C:\Angular\pizza-order220304\build-storybook.log
[10:10:06] Including      : C:\Angular\pizza-order220304\documentation.json
[10:10:06] Including      : C:\Angular\pizza-order220304\karma.conf.js
[10:10:06] Including      : C:\Angular\pizza-order220304\package-lock.json
[10:10:06] Including      : C:\Angular\pizza-order220304\package.json
[10:10:06] Including      : C:\Angular\pizza-order220304\README.md
[10:10:06] Including      : C:\Angular\pizza-order220304\tailwind.config.js
[10:10:06] Including      : C:\Angular\pizza-order220304\tsconfig.app.json
[10:10:06] Including      : C:\Angular\pizza-order220304\tsconfig.json
[10:10:06] Including      : C:\Angular\pizza-order220304\tsconfig.spec.json
[10:10:06] Including      : C:\Angular\pizza-order220304\.storybook\main.js
[10:10:06] Including      : C:\Angular\pizza-order220304\.storybook\tsconfig.json
[10:10:06] Ignoring       : C:\Angular\pizza-order220304\.storybook\typings.d.ts
[10:10:06] Including      : C:\Angular\pizza-order220304\.idea\.gitignore
[10:10:06] Including      : C:\Angular\pizza-order220304\.idea\modules.xml
[10:10:06] Including      : C:\Angular\pizza-order220304\.idea\pizza-order220304.iml
[10:10:06] Including      : C:\Angular\pizza-order220304\.storybook\preview.js
[10:10:06] Including      : C:\Angular\pizza-order220304\.idea\workspace.xml
[10:10:06] Including      : C:\Angular\pizza-order220304\.idea\vcs.xml
[10:10:06] Including      : C:\Angular\pizza-order220304\src\index.html
[10:10:06] Including      : C:\Angular\pizza-order220304\src\favicon.ico
[10:10:06] Including      : C:\Angular\pizza-order220304\src\main.ts
[10:10:06] Including      : C:\Angular\pizza-order220304\src\polyfills.ts
[10:10:06] Including      : C:\Angular\pizza-order220304\src\styles.css
[10:10:06] Including      : C:\Angular\pizza-order220304\src\test.ts
[10:10:06] Including      : C:\Angular\pizza-order220304\.github\workflows\chromatic.yml
[10:10:06] Including      : C:\Angular\pizza-order220304\src\app\app.component.html
[10:10:06] Including      : C:\Angular\pizza-order220304\src\app\app.component.css
[10:10:06] Ignoring       : C:\Angular\pizza-order220304\src\app\app.component.main-panel.spec.ts
[10:10:06] Including      : C:\Angular\pizza-order220304\src\app\app.component.ts
[10:10:06] Including      : C:\Angular\pizza-order220304\src\app\app.module.ts
[10:10:06] Including      : C:\Angular\pizza-order220304\src\assets\.gitkeep
[10:10:06] Including      : C:\Angular\pizza-order220304\src\environments\environment.prod.ts
[10:10:06] Including      : C:\Angular\pizza-order220304\src\environments\environment.ts
[10:10:06] Including      : C:\Angular\pizza-order220304\src\app\components\build-storybook.log
[10:10:06] Including      : C:\Angular\pizza-order220304\src\app\models\index.ts
[10:10:06] Including      : C:\Angular\pizza-order220304\src\app\models\pizza.model.ts
[10:10:06] Including      : C:\Angular\pizza-order220304\src\app\models\topping.model.ts
[10:10:06] Including      : C:\Angular\pizza-order220304\src\app\services\index.ts
[10:10:06] Including      : C:\Angular\pizza-order220304\src\app\services\pizzas.service.ts
[10:10:06] Ignoring       : C:\Angular\pizza-order220304\src\app\services\price.service.main-panel.spec.ts
[10:10:06] Including      : C:\Angular\pizza-order220304\src\app\services\price.service.ts
[10:10:06] Including      : C:\Angular\pizza-order220304\src\app\services\topping-added.service.ts
[10:10:06] Including      : C:\Angular\pizza-order220304\src\app\services\topping-image.service.ts
[10:10:06] Ignoring       : C:\Angular\pizza-order220304\src\app\services\topping-image.service.main-panel.spec.ts
[10:10:06] Including      : C:\Angular\pizza-order220304\src\app\services\topping-total.service.ts
[10:10:06] Including      : C:\Angular\pizza-order220304\src\app\services\toppings.service.ts
[10:10:06] Including      : C:\Angular\pizza-order220304\src\app\state\index.ts
[10:10:06] Including      : C:\Angular\pizza-order220304\src\app\state\pizzas.actions.ts
[10:10:06] Including      : C:\Angular\pizza-order220304\src\app\state\pizzas.state.ts
[10:10:06] Including      : C:\Angular\pizza-order220304\src\app\state\toppings.actions.ts
[10:10:06] Ignoring       : C:\Angular\pizza-order220304\src\app\state\toppings.state.main-panel.spec.ts
[10:10:06] Including      : C:\Angular\pizza-order220304\src\app\state\toppings.state.ts
[10:10:06] Including      : C:\Angular\pizza-order220304\src\assets\css\style.css
[10:10:06] Including      : C:\Angular\pizza-order220304\src\assets\fonts\cornerstone.woff
[10:10:06] Including      : C:\Angular\pizza-order220304\src\assets\fonts\cornerstone.woff2
[10:10:06] Including      : C:\Angular\pizza-order220304\src\assets\img\logo.svg
[10:10:06] Including      : C:\Angular\pizza-order220304\src\assets\img\pizza.svg
[10:10:06] Including      : C:\Angular\pizza-order220304\src\assets\json\db.json
[10:10:06] Ignoring       : C:\Angular\pizza-order220304\src\app\components\pizza-display\pizza-display.component.main-panel.spec.ts
[10:10:06] Including      : C:\Angular\pizza-order220304\src\app\components\pizza-display\pizza-display.component.stories.ts
[10:10:06] Including      : C:\Angular\pizza-order220304\src\app\components\pizza-display\pizza-display.component.ts
[10:10:06] Including      : C:\Angular\pizza-order220304\src\assets\img\actions\checked.svg
[10:10:06] Including      : C:\Angular\pizza-order220304\src\assets\img\toppings\anchovy.svg
[10:10:06] Including      : C:\Angular\pizza-order220304\src\assets\img\toppings\anchovy1.svg
[10:10:06] Including      : C:\Angular\pizza-order220304\src\assets\img\toppings\anchovy3.svg
[10:10:06] Including      : C:\Angular\pizza-order220304\src\assets\img\toppings\bacon.svg
[10:10:06] Including      : C:\Angular\pizza-order220304\src\assets\img\toppings\basil.svg
[10:10:06] Including      : C:\Angular\pizza-order220304\src\assets\img\toppings\chili.svg
[10:10:06] Including      : C:\Angular\pizza-order220304\src\assets\img\toppings\mozzarella.svg
[10:10:06] Including      : C:\Angular\pizza-order220304\src\assets\img\toppings\mushroom.svg
[10:10:06] Including      : C:\Angular\pizza-order220304\src\assets\img\toppings\olive.svg
[10:10:06] Including      : C:\Angular\pizza-order220304\src\assets\img\toppings\onion.svg
[10:10:06] Including      : C:\Angular\pizza-order220304\src\assets\img\toppings\pepper.svg
[10:10:06] Including      : C:\Angular\pizza-order220304\src\assets\img\toppings\pepperoni.svg
[10:10:06] Including      : C:\Angular\pizza-order220304\src\assets\img\toppings\prawn.svg
[10:10:06] Including      : C:\Angular\pizza-order220304\src\assets\img\toppings\sweetcorn.svg
[10:10:06] Including      : C:\Angular\pizza-order220304\src\assets\img\toppings\tomato.svg
[10:10:06] Including      : C:\Angular\pizza-order220304\src\assets\md\images\structure1.png
[10:10:06] Including      : C:\Angular\pizza-order220304\src\assets\img\toppings\multi\anchovy_1.svg
[10:10:06] Including      : C:\Angular\pizza-order220304\src\assets\img\toppings\multi\anchovy_2.svg
[10:10:06] Including      : C:\Angular\pizza-order220304\src\assets\img\toppings\multi\anchovy_3.svg
[10:10:06] Including      : C:\Angular\pizza-order220304\src\assets\img\toppings\multi\anchovy_4.svg
[10:10:06] Including      : C:\Angular\pizza-order220304\src\assets\img\toppings\multi\anchovy_5.svg
[10:10:06] Including      : C:\Angular\pizza-order220304\src\assets\img\toppings\multi\bacon_1.svg
[10:10:06] Including      : C:\Angular\pizza-order220304\src\assets\img\toppings\multi\bacon_3.svg
[10:10:06] Including      : C:\Angular\pizza-order220304\src\assets\img\toppings\multi\bacon_2.svg
[10:10:06] Including      : C:\Angular\pizza-order220304\src\assets\img\toppings\multi\bacon_4.svg
[10:10:06] Including      : C:\Angular\pizza-order220304\src\assets\img\toppings\multi\bacon_5.svg
[10:10:06] Including      : C:\Angular\pizza-order220304\src\assets\img\toppings\multi\basil_1.svg
[10:10:06] Including      : C:\Angular\pizza-order220304\src\assets\img\toppings\multi\basil_2.svg
[10:10:06] Including      : C:\Angular\pizza-order220304\src\assets\img\toppings\multi\basil_3.svg
[10:10:06] Including      : C:\Angular\pizza-order220304\src\assets\img\toppings\multi\basil_4.svg
[10:10:06] Including      : C:\Angular\pizza-order220304\src\assets\img\toppings\multi\basil_5.svg
[10:10:06] Including      : C:\Angular\pizza-order220304\src\assets\img\toppings\multi\chili_1.svg
[10:10:06] Including      : C:\Angular\pizza-order220304\src\assets\img\toppings\multi\chili_2.svg
[10:10:06] Including      : C:\Angular\pizza-order220304\src\assets\img\toppings\multi\chili_3.svg
[10:10:06] Including      : C:\Angular\pizza-order220304\src\assets\img\toppings\multi\chili_4.svg
[10:10:06] Including      : C:\Angular\pizza-order220304\src\assets\img\toppings\multi\chili_5.svg
[10:10:06] Including      : C:\Angular\pizza-order220304\src\assets\img\toppings\multi\mozzarella_1.svg
[10:10:06] Including      : C:\Angular\pizza-order220304\src\assets\img\toppings\multi\mozzarella_2.svg
[10:10:06] Including      : C:\Angular\pizza-order220304\src\assets\img\toppings\multi\mozzarella_3.svg
[10:10:06] Including      : C:\Angular\pizza-order220304\src\assets\img\toppings\multi\mozzarella_4.svg
[10:10:06] Including      : C:\Angular\pizza-order220304\src\assets\img\toppings\multi\mozzarella_5.svg
[10:10:06] Including      : C:\Angular\pizza-order220304\src\assets\img\toppings\multi\mushroom_2.svg
[10:10:06] Including      : C:\Angular\pizza-order220304\src\assets\img\toppings\multi\mushroom_1.svg
[10:10:06] Including      : C:\Angular\pizza-order220304\src\assets\img\toppings\multi\mushroom_3.svg
[10:10:06] Including      : C:\Angular\pizza-order220304\src\assets\img\toppings\multi\mushroom_4.svg
[10:10:06] Including      : C:\Angular\pizza-order220304\src\assets\img\toppings\multi\olive_1.svg
[10:10:06] Including      : C:\Angular\pizza-order220304\src\assets\img\toppings\multi\olive_2.svg
[10:10:06] Including      : C:\Angular\pizza-order220304\src\assets\img\toppings\multi\mushroom_5.svg
[10:10:06] Including      : C:\Angular\pizza-order220304\src\assets\img\toppings\multi\olive_3.svg
[10:10:06] Including      : C:\Angular\pizza-order220304\src\assets\img\toppings\multi\olive_4.svg
[10:10:06] Including      : C:\Angular\pizza-order220304\src\assets\img\toppings\multi\onion_1.svg
[10:10:06] Including      : C:\Angular\pizza-order220304\src\assets\img\toppings\multi\olive_5.svg
[10:10:06] Including      : C:\Angular\pizza-order220304\src\assets\img\toppings\multi\onion_2.svg
[10:10:06] Including      : C:\Angular\pizza-order220304\src\assets\img\toppings\multi\onion_3.svg
[10:10:06] Including      : C:\Angular\pizza-order220304\src\assets\img\toppings\multi\onion_5.svg
[10:10:06] Including      : C:\Angular\pizza-order220304\src\assets\img\toppings\multi\onion_4.svg
[10:10:06] Including      : C:\Angular\pizza-order220304\src\assets\img\toppings\multi\pepperoni_1.svg
[10:10:06] Including      : C:\Angular\pizza-order220304\src\assets\img\toppings\multi\pepperoni_2.svg
[10:10:06] Including      : C:\Angular\pizza-order220304\src\assets\img\toppings\multi\pepperoni_3.svg
[10:10:06] Including      : C:\Angular\pizza-order220304\src\assets\img\toppings\multi\pepperoni_4.svg
[10:10:06] Including      : C:\Angular\pizza-order220304\src\assets\img\toppings\multi\pepperoni_5.svg
[10:10:06] Including      : C:\Angular\pizza-order220304\src\assets\img\toppings\multi\pepper_1.svg
[10:10:06] Including      : C:\Angular\pizza-order220304\src\assets\img\toppings\multi\pepper_3.svg
[10:10:06] Including      : C:\Angular\pizza-order220304\src\assets\img\toppings\multi\pepper_2.svg
[10:10:06] Including      : C:\Angular\pizza-order220304\src\assets\img\toppings\multi\pepper_4.svg
[10:10:06] Including      : C:\Angular\pizza-order220304\src\assets\img\toppings\multi\pepper_5.svg
[10:10:06] Including      : C:\Angular\pizza-order220304\src\assets\img\toppings\multi\prawn_1.svg
[10:10:06] Including      : C:\Angular\pizza-order220304\src\assets\img\toppings\multi\prawn_2.svg
[10:10:06] Including      : C:\Angular\pizza-order220304\src\assets\img\toppings\multi\prawn_3.svg
[10:10:06] Including      : C:\Angular\pizza-order220304\src\assets\img\toppings\multi\prawn_4.svg
[10:10:06] Including      : C:\Angular\pizza-order220304\src\assets\img\toppings\multi\prawn_5.svg
[10:10:06] Including      : C:\Angular\pizza-order220304\src\assets\img\toppings\multi\sweetcorn_1.svg
[10:10:06] Including      : C:\Angular\pizza-order220304\src\assets\img\toppings\multi\sweetcorn_2.svg
[10:10:06] Including      : C:\Angular\pizza-order220304\src\assets\img\toppings\multi\sweetcorn_3.svg
[10:10:06] Including      : C:\Angular\pizza-order220304\src\assets\img\toppings\multi\sweetcorn_4.svg
[10:10:06] Including      : C:\Angular\pizza-order220304\src\assets\img\toppings\multi\sweetcorn_5.svg
[10:10:06] Including      : C:\Angular\pizza-order220304\src\assets\img\toppings\multi\tomato_1.svg
[10:10:06] Including      : C:\Angular\pizza-order220304\src\assets\img\toppings\multi\tomato_2.svg
[10:10:06] Including      : C:\Angular\pizza-order220304\src\assets\img\toppings\multi\tomato_3.svg
[10:10:06] Including      : C:\Angular\pizza-order220304\src\assets\img\toppings\multi\tomato_4.svg
[10:10:06] Including      : C:\Angular\pizza-order220304\src\assets\img\toppings\multi\tomato_5.svg
[10:10:06] Including      : C:\Angular\pizza-order220304\src\assets\img\toppings\singles\anchovy.svg
[10:10:06] Including      : C:\Angular\pizza-order220304\src\assets\img\toppings\singles\bacon.svg
[10:10:06] Including      : C:\Angular\pizza-order220304\src\assets\img\toppings\singles\basil.svg
[10:10:06] Including      : C:\Angular\pizza-order220304\src\assets\img\toppings\singles\chili.svg
[10:10:06] Including      : C:\Angular\pizza-order220304\src\assets\img\toppings\singles\mozzarella.svg
[10:10:06] Including      : C:\Angular\pizza-order220304\src\assets\img\toppings\singles\mushroom.svg
[10:10:06] Including      : C:\Angular\pizza-order220304\src\assets\img\toppings\singles\olive.svg
[10:10:06] Including      : C:\Angular\pizza-order220304\src\assets\img\toppings\singles\onion.svg
[10:10:06] Including      : C:\Angular\pizza-order220304\src\assets\img\toppings\singles\pepper.svg
[10:10:06] Including      : C:\Angular\pizza-order220304\src\assets\img\toppings\singles\pepperoni.svg
[10:10:06] Including      : C:\Angular\pizza-order220304\src\assets\img\toppings\singles\prawn.svg
[10:10:06] Including      : C:\Angular\pizza-order220304\src\assets\img\toppings\singles\sweetcorn.svg
[10:10:06] Including      : C:\Angular\pizza-order220304\src\assets\img\toppings\singles\tomato.svg
[10:10:06] Searching package.json file
[10:10:06] package.json file found
[10:10:06] Processing package.json dependencies
[10:10:06] Searching README.md, CHANGELOG.md, CONTRIBUTING.md, LICENSE.md, TODO.md files
[10:10:06] README.md file found
[10:10:06] Error during C:\Angular\pizza-order220304\CHANGELOG read
[10:10:06] Continuing without CHANGELOG.md file
[10:10:06] Error during C:\Angular\pizza-order220304\CONTRIBUTING read
[10:10:06] Continuing without CONTRIBUTING.md file
[10:10:06] Error during C:\Angular\pizza-order220304\LICENSE read
[10:10:06] Continuing without LICENSE.md file
[10:10:06] Error during C:\Angular\pizza-order220304\TODO read
[10:10:06] Continuing without TODO.md file
[10:10:06] Get dependencies data
[10:10:06] parsing        : C:/Angular/pizza-order220304/src/main.ts
[10:10:06] parsing        : C:/Angular/pizza-order220304/src/polyfills.ts
[10:10:06] parsing        : C:/Angular/pizza-order220304/src/test.ts
[10:10:06] found          : require
[10:10:06] found          : context
[10:10:06] parsing        : C:/Angular/pizza-order220304/src/app/app.component.ts
[10:10:06] found          : AppComponent
[10:10:06] parsing        : C:/Angular/pizza-order220304/src/app/app.module.ts
[10:10:06] found          : AppModule
[10:10:06]                : - imports:
[10:10:06]                : 	- BrowserModule
[10:10:06]                : 	- BrowserAnimationsModule
[10:10:06]                : - declarations:
[10:10:06]                : 	- AppComponent
[10:10:06]                : 	- PizzaDisplayComponent
[10:10:06]                : - bootstrap:
[10:10:06]                : 	- AppComponent
[10:10:06] parsing        : C:/Angular/pizza-order220304/src/environments/environment.prod.ts
[10:10:06] found          : environment
[10:10:06] parsing        : C:/Angular/pizza-order220304/src/environments/environment.ts
[10:10:06] found          : environment
[10:10:06] parsing        : C:/Angular/pizza-order220304/src/app/models/index.ts
[10:10:06] parsing        : C:/Angular/pizza-order220304/src/app/models/pizza.model.ts
[10:10:06] found          : Pizza
[10:10:06] parsing        : C:/Angular/pizza-order220304/src/app/models/topping.model.ts
[10:10:06] found          : Topping
[10:10:06] found          : SequenceTopping
[10:10:06] parsing        : C:/Angular/pizza-order220304/src/app/services/index.ts
[10:10:06] found          : services
[10:10:06] parsing        : C:/Angular/pizza-order220304/src/app/services/pizzas.service.ts
[10:10:06] found          : PizzasService
[10:10:06] parsing        : C:/Angular/pizza-order220304/src/app/services/price.service.ts
[10:10:06] found          : PriceService
[10:10:06] parsing        : C:/Angular/pizza-order220304/src/app/services/topping-added.service.ts
[10:10:06] found          : ToppingAddedService
[10:10:06] parsing        : C:/Angular/pizza-order220304/src/app/services/topping-image.service.ts
[10:10:06] found          : ToppingImageService
[10:10:06] parsing        : C:/Angular/pizza-order220304/src/app/services/topping-total.service.ts
[10:10:06] found          : ToppingTotalService
[10:10:06] parsing        : C:/Angular/pizza-order220304/src/app/services/toppings.service.ts
[10:10:06] found          : ToppingsService
[10:10:06] parsing        : C:/Angular/pizza-order220304/src/app/state/index.ts
[10:10:06] found          : ProductsState
[10:10:06] parsing        : C:/Angular/pizza-order220304/src/app/state/pizzas.actions.ts
[10:10:06] found          : LoadPizzas
[10:10:06] found          : LoadPizzasSuccess
[10:10:06] found          : LoadPizzasFail
[10:10:06] found          : CreatePizza
[10:10:06] found          : CreatePizzaSuccess
[10:10:06] found          : CreatePizzaFail
[10:10:06] found          : UpdatePizza
[10:10:06] found          : UpdatePizzaSuccess
[10:10:06] found          : UpdatePizzaFail
[10:10:06] found          : RemovePizza
[10:10:06] found          : RemovePizzaSuccess
[10:10:06] found          : RemovePizzaFail
[10:10:06] found          : SelectPizza
[10:10:06] parsing        : C:/Angular/pizza-order220304/src/app/state/pizzas.state.ts
[10:10:06] found          : Pizzac
[10:10:06] found          : PizzasStateModel
[10:10:06] found          : PizzasState
[10:10:06] parsing        : C:/Angular/pizza-order220304/src/app/state/toppings.actions.ts
[10:10:06] found          : LoadToppings
[10:10:06] found          : LoadToppingsSuccess
[10:10:06] found          : LoadToppingsFail
[10:10:06] found          : UpdateToppings
[10:10:06] found          : UpdateToppingsSuccess
[10:10:06] found          : UpdateToppingsFail
[10:10:06] found          : VisualiseToppings
[10:10:06] parsing        : C:/Angular/pizza-order220304/src/app/state/toppings.state.ts
[10:10:06] found          : ToppingsStateModel
[10:10:06] found          : ToppingsState
[10:10:06] parsing        : C:/Angular/pizza-order220304/src/app/components/pizza-display/pizza-display.component.stories.ts
[10:10:06] found          : Template
[10:10:06] found          : Primary
[10:10:06] parsing        : C:/Angular/pizza-order220304/src/app/components/pizza-display/pizza-display.component.ts
[10:10:06] found          : DROP_ANIMATION
[10:10:06] found          : PizzaDisplayComponent
[10:10:06] -------------------
[10:10:06] Project statistics
[10:10:06] - files      : 155
[10:10:06] - module     : 1
[10:10:06] - component  : 2
[10:10:06] - injectable : 8
[10:10:06] - class      : 21
[10:10:06] - interface  : 5
[10:10:06] -------------------
[10:10:06] Prepare components
[10:10:06]  AppComponent has a templateUrl, include it
[10:10:06]  AppComponent has styleUrls, include them
[10:10:06]  PizzaDisplayComponent has styles, include them
[10:10:06] Prepare modules
[10:10:06] Prepare injectables
[10:10:06] Prepare classes
[10:10:06] Prepare interfaces
[10:10:06] Prepare miscellaneous
[10:10:06] Process documentation coverage report
[10:10:06] Generating documentation in export format json
[10:10:06] Documentation generated in ./ in 0.564 seconds
info @storybook/angular v6.4.19
info
info => Cleaning outputDir: C:\\Users\\WILLIA~1\\AppData\\Local\\Temp\\chromatic--11768-gWGScVidYmHT
info => Loading presets
info => Compiling manager..
info => Compiling preview..
info => Found custom tsconfig.json
info => Using implicit CSS loaders
info => Loading angular-cli config for angular lower than 12.2.0
info => Using angular project "pizza-order220304:build" for configuring Storybook
info => Using angular-cli webpack config
info => Using default Webpack5 setup
<s> [webpack.Progress] 0%

<s> [webpack.Progress] 1% setup initialize
<s> [webpack.Progress] 1% setup initialize HtmlWebpackPlugin
<s> [webpack.Progress] 1% setup initialize
<s> [webpack.Progress] 2% setup before run
<s> [webpack.Progress] 2% setup before run NodeEnvironmentPlugin
<s> [webpack.Progress] 2% setup before run
<s> [webpack.Progress] 3% setup run
<s> [webpack.Progress] 3% setup run fork-ts-checker-webpack-plugin
<s> [webpack.Progress] 3% setup run
<s> [webpack.Progress] 4% setup normal module factory
<s> [webpack.Progress] 4% setup normal module factory CaseSensitivePathsPlugin
<s> [webpack.Progress] 4% setup normal module factory
<s> [webpack.Progress] 5% setup context module factory
<s> [webpack.Progress] 5% setup context module factory ContextReplacementPlugin
<s> [webpack.Progress] 5% setup context module factory ContextReplacementPlugin
<s> [webpack.Progress] 5% setup context module factory
<s> [webpack.Progress] 6% setup before compile
<s> [webpack.Progress] 6% setup before compile ProgressPlugin
<s> [webpack.Progress] 6% setup before compile
<s> [webpack.Progress] 7% setup compile
<s> [webpack.Progress] 7% setup compile fork-ts-checker-webpack-plugin
Starting type checking service...
<s> [webpack.Progress] 7% setup compile ExternalsPlugin
<s> [webpack.Progress] 7% setup compile
<s> [webpack.Progress] 8% setup compilation
<s> [webpack.Progress] 8% setup compilation CopyPlugin
<s> [webpack.Progress] 8% setup compilation ArrayPushCallbackChunkFormatPlugin
<s> [webpack.Progress] 8% setup compilation JsonpChunkLoadingPlugin
<s> [webpack.Progress] 8% setup compilation StartupChunkDependenciesPlugin
<s> [webpack.Progress] 8% setup compilation ImportScriptsChunkLoadingPlugin
<s> [webpack.Progress] 8% setup compilation FetchCompileWasmPlugin
<s> [webpack.Progress] 8% setup compilation FetchCompileAsyncWasmPlugin
<s> [webpack.Progress] 8% setup compilation WorkerPlugin
<s> [webpack.Progress] 8% setup compilation SplitChunksPlugin
<s> [webpack.Progress] 8% setup compilation RuntimeChunkPlugin
<s> [webpack.Progress] 8% setup compilation ResolverCachePlugin
<s> [webpack.Progress] 8% setup compilation HtmlWebpackPlugin
<s> [webpack.Progress] 8% setup compilation
<s> [webpack.Progress] 9% setup compilation
<s> [webpack.Progress] 9% setup compilation AnyComponentStyleBudgetChecker
<s> [webpack.Progress] 9% setup compilation DedupeModuleResolvePlugin
<s> [webpack.Progress] 9% setup compilation DefinePlugin
<s> [webpack.Progress] 9% setup compilation ProvidePlugin
<s> [webpack.Progress] 9% setup compilation ProgressPlugin
<s> [webpack.Progress] 9% setup compilation ChunkPrefetchPreloadPlugin
<s> [webpack.Progress] 9% setup compilation SourceMapDevToolPlugin
<s> [webpack.Progress] 9% setup compilation JavascriptModulesPlugin
<s> [webpack.Progress] 9% setup compilation JsonModulesPlugin
<s> [webpack.Progress] 9% setup compilation AssetModulesPlugin
<s> [webpack.Progress] 9% setup compilation EntryPlugin
<s> [webpack.Progress] 9% setup compilation EntryPlugin
<s> [webpack.Progress] 9% setup compilation EntryPlugin
<s> [webpack.Progress] 9% setup compilation EntryPlugin
<s> [webpack.Progress] 9% setup compilation EntryPlugin
<s> [webpack.Progress] 9% setup compilation EntryPlugin
<s> [webpack.Progress] 9% setup compilation EntryPlugin
<s> [webpack.Progress] 9% setup compilation EntryPlugin
<s> [webpack.Progress] 9% setup compilation EntryPlugin
<s> [webpack.Progress] 9% setup compilation EntryPlugin
<s> [webpack.Progress] 9% setup compilation EntryPlugin
<s> [webpack.Progress] 9% setup compilation EntryPlugin
<s> [webpack.Progress] 9% setup compilation EntryPlugin
<s> [webpack.Progress] 9% setup compilation EntryPlugin
<s> [webpack.Progress] 9% setup compilation EntryPlugin
<s> [webpack.Progress] 9% setup compilation EntryPlugin
<s> [webpack.Progress] 9% setup compilation EntryPlugin
<s> [webpack.Progress] 9% setup compilation EntryPlugin
<s> [webpack.Progress] 9% setup compilation RuntimePlugin
<s> [webpack.Progress] 9% setup compilation InferAsyncModulesPlugin
<s> [webpack.Progress] 9% setup compilation DataUriPlugin
<s> [webpack.Progress] 9% setup compilation FileUriPlugin
<s> [webpack.Progress] 9% setup compilation CompatibilityPlugin
<s> [webpack.Progress] 9% setup compilation HarmonyModulesPlugin
<s> [webpack.Progress] 9% setup compilation AMDPlugin
<s> [webpack.Progress] 9% setup compilation RequireJsStuffPlugin
<s> [webpack.Progress] 9% setup compilation CommonJsPlugin
<s> [webpack.Progress] 9% setup compilation LoaderPlugin
<s> [webpack.Progress] 9% setup compilation LoaderPlugin
<s> [webpack.Progress] 9% setup compilation NodeStuffPlugin
<s> [webpack.Progress] 9% setup compilation APIPlugin
<s> [webpack.Progress] 9% setup compilation ExportsInfoApiPlugin
<s> [webpack.Progress] 9% setup compilation WebpackIsIncludedPlugin
<s> [webpack.Progress] 9% setup compilation ConstPlugin
<s> [webpack.Progress] 9% setup compilation UseStrictPlugin
<s> [webpack.Progress] 9% setup compilation RequireIncludePlugin
<s> [webpack.Progress] 9% setup compilation RequireEnsurePlugin
<s> [webpack.Progress] 9% setup compilation RequireContextPlugin
<s> [webpack.Progress] 9% setup compilation ImportPlugin
<s> [webpack.Progress] 9% setup compilation SystemPlugin
<s> [webpack.Progress] 9% setup compilation ImportMetaPlugin
<s> [webpack.Progress] 9% setup compilation URLPlugin
<s> [webpack.Progress] 9% setup compilation DefaultStatsFactoryPlugin
<s> [webpack.Progress] 9% setup compilation DefaultStatsPresetPlugin
<s> [webpack.Progress] 9% setup compilation DefaultStatsPrinterPlugin
<s> [webpack.Progress] 9% setup compilation JavascriptMetaInfoPlugin
<s> [webpack.Progress] 9% setup compilation EnsureChunkConditionsPlugin
<s> [webpack.Progress] 9% setup compilation RemoveEmptyChunksPlugin
<s> [webpack.Progress] 9% setup compilation MergeDuplicateChunksPlugin
<s> [webpack.Progress] 9% setup compilation FlagIncludedChunksPlugin
<s> [webpack.Progress] 9% setup compilation SideEffectsFlagPlugin
<s> [webpack.Progress] 9% setup compilation FlagDependencyExportsPlugin
<s> [webpack.Progress] 9% setup compilation FlagDependencyUsagePlugin
<s> [webpack.Progress] 9% setup compilation InnerGraphPlugin
<s> [webpack.Progress] 9% setup compilation MangleExportsPlugin
<s> [webpack.Progress] 9% setup compilation ModuleConcatenationPlugin
<s> [webpack.Progress] 9% setup compilation NoEmitOnErrorsPlugin
<s> [webpack.Progress] 9% setup compilation RealContentHashPlugin
<s> [webpack.Progress] 9% setup compilation WasmFinalizeExportsPlugin
<s> [webpack.Progress] 9% setup compilation NamedModuleIdsPlugin
<s> [webpack.Progress] 9% setup compilation DeterministicChunkIdsPlugin
<s> [webpack.Progress] 9% setup compilation DefinePlugin
<s> [webpack.Progress] 9% setup compilation TerserPlugin
<s> [webpack.Progress] 9% setup compilation TemplatedPathPlugin
<s> [webpack.Progress] 9% setup compilation RecordIdsPlugin
<s> [webpack.Progress] 9% setup compilation WarnCaseSensitiveModulesPlugin
<s> [webpack.Progress] 9% setup compilation IgnoreWarningsPlugin
<s> [webpack.Progress] 9% setup compilation
<s> [webpack.Progress] 10% building
<s> [webpack.Progress] 10% building 0/1 entries 0/0 dependencies 0/0 modules
<s> [webpack.Progress] 10% building import loader ./node_modules/babel-loader/lib/index.js
<s> [webpack.Progress] 10% building 0/18 entries 3/18 dependencies 0/3 modules
<s> [webpack.Progress] 10% building import loader ./node_modules/style-loader/dist/cjs.js
<s> [webpack.Progress] 10% building import loader ./node_modules/css-loader/dist/cjs.js
<s> [webpack.Progress] 10% building import loader ./node_modules/@angular-devkit/build-angular/node_modules/postcss-loader/dist/cjs.js
<s> [webpack.Progress] 10% building 0/18 entries 17/18 dependencies 0/17 modules
<s> [webpack.Progress] 10% building 0/18 entries 21/69 dependencies 0/20 modules
<s> [webpack.Progress] 10% building 0/18 entries 100/198 dependencies 11/67 modules
<s> [webpack.Progress] 10% building 0/18 entries 491/535 dependencies 14/245 modules
[BABEL] Note: The code generator has deoptimised the styling of C:\Angular\pizza-order220304\node_modules\prettier\standalone.js as it exceeds the max of 500KB.
<s> [webpack.Progress] 10% building 0/18 entries 600/899 dependencies 19/266 modules
<s> [webpack.Progress] 13% building 1/18 entries 733/903 dependencies 28/275 modules
<s> [webpack.Progress] 13% building import loader ./node_modules/ts-loader/index.js
<s> [webpack.Progress] 13% building import loader ./node_modules/@storybook/angular/dist/ts3.9/server/ngx-template-loader/index.js
<s> [webpack.Progress] 13% building import loader ./node_modules/@storybook/source-loader/dist/cjs/index.js
<s> [webpack.Progress] 13% building 1/18 entries 1046/1099 dependencies 77/312 modules
<s> [webpack.Progress] 13% building 1/18 entries 1447/1510 dependencies 173/400 modules
<s> [webpack.Progress] 16% building 2/18 entries 1681/1729 dependencies 226/445 modules
<s> [webpack.Progress] 16% building 2/18 entries 1800/2196 dependencies 237/476 modules
<s> [webpack.Progress] 16% building 2/18 entries 2600/2653 dependencies 339/719 modules
<s> [webpack.Progress] 16% building 2/18 entries 2700/2798 dependencies 354/750 modules
<s> [webpack.Progress] 19% building 3/18 entries 2714/2798 dependencies 358/752 modules
<s> [webpack.Progress] 19% building 3/18 entries 3357/3400 dependencies 456/825 modules
<s> [webpack.Progress] 19% building 3/18 entries 3725/3851 dependencies 638/900 modules
<s> [webpack.Progress] 19% building 3/18 entries 4200/4259 dependencies 745/1073 modules
<s> [webpack.Progress] 21% building 3/18 entries 4946/5000 dependencies 1055/1231 modules
<s> [webpack.Progress] 22% building 4/18 entries 5158/5183 dependencies 1161/1309 modules
<s> [webpack.Progress] 25% building 5/18 entries 5158/5183 dependencies 1162/1309 modules
<s> [webpack.Progress] 28% building 6/18 entries 5158/5183 dependencies 1163/1309 modules
<s> [webpack.Progress] 31% building 7/18 entries 5158/5183 dependencies 1164/1309 modules
<s> [webpack.Progress] 34% building 8/18 entries 5158/5183 dependencies 1165/1309 modules
<s> [webpack.Progress] 37% building 9/18 entries 5158/5183 dependencies 1166/1309 modules
<s> [webpack.Progress] 40% building 10/18 entries 5158/5183 dependencies 1167/1309 modules
<s> [webpack.Progress] 43% building 11/18 entries 5158/5183 dependencies 1168/1309 modules
<s> [webpack.Progress] 46% building 12/18 entries 5158/5183 dependencies 1169/1309 modules
<s> [webpack.Progress] 49% building 13/18 entries 5158/5183 dependencies 1170/1309 modules
<s> [webpack.Progress] 52% building 14/18 entries 5158/5183 dependencies 1174/1309 modules
<s> [webpack.Progress] 55% building 15/18 entries 5796/5798 dependencies 1405/1436 modules
<s> [webpack.Progress] 58% building 16/18 entries 5819/5819 dependencies 1428/1444 modules
<s> [webpack.Progress] 61% building 17/18 entries 5829/5829 dependencies 1448/1449 modules
<s> [webpack.Progress] 65% building 18/18 entries 5829/5829 dependencies 1449/1449 modules
<s> [webpack.Progress] 65% building
<s> [webpack.Progress] 69% building finish
<s> [webpack.Progress] 69% building finish
<s> [webpack.Progress] 70% sealing finish module graph
<s> [webpack.Progress] 70% sealing finish module graph ResolverCachePlugin
<s> [webpack.Progress] 70% sealing finish module graph InferAsyncModulesPlugin
<s> [webpack.Progress] 70% sealing finish module graph FlagDependencyExportsPlugin
<s> [webpack.Progress] 70% sealing finish module graph InnerGraphPlugin
<s> [webpack.Progress] 70% sealing finish module graph WasmFinalizeExportsPlugin
<s> [webpack.Progress] 70% sealing finish module graph
<s> [webpack.Progress] 70% sealing plugins
<s> [webpack.Progress] 70% sealing plugins WarnCaseSensitiveModulesPlugin
<s> [webpack.Progress] 70% sealing plugins
<s> [webpack.Progress] 71% sealing dependencies optimization
<s> [webpack.Progress] 71% sealing dependencies optimization SideEffectsFlagPlugin
<s> [webpack.Progress] 71% sealing dependencies optimization FlagDependencyUsagePlugin
<s> [webpack.Progress] 71% sealing dependencies optimization
<s> [webpack.Progress] 71% sealing after dependencies optimization
<s> [webpack.Progress] 71% sealing after dependencies optimization
<s> [webpack.Progress] 72% sealing chunk graph
<s> [webpack.Progress] 72% sealing chunk graph
<s> [webpack.Progress] 73% sealing after chunk graph
<s> [webpack.Progress] 73% sealing after chunk graph
<s> [webpack.Progress] 73% sealing optimizing
<s> [webpack.Progress] 73% sealing optimizing
<s> [webpack.Progress] 74% sealing module optimization
<s> [webpack.Progress] 74% sealing module optimization
<s> [webpack.Progress] 75% sealing after module optimization
<s> [webpack.Progress] 75% sealing after module optimization
<s> [webpack.Progress] 75% sealing chunk optimization
<s> [webpack.Progress] 75% sealing chunk optimization EnsureChunkConditionsPlugin
<s> [webpack.Progress] 75% sealing chunk optimization RemoveEmptyChunksPlugin
<s> [webpack.Progress] 75% sealing chunk optimization MergeDuplicateChunksPlugin
<s> [webpack.Progress] 75% sealing chunk optimization SplitChunksPlugin
<s> [webpack.Progress] 75% sealing chunk optimization RemoveEmptyChunksPlugin
<s> [webpack.Progress] 75% sealing chunk optimization
<s> [webpack.Progress] 76% sealing after chunk optimization
<s> [webpack.Progress] 76% sealing after chunk optimization
<s> [webpack.Progress] 77% sealing module and chunk tree optimization
<s> [webpack.Progress] 77% sealing module and chunk tree optimization PersistentChildCompilerSingletonPlugin
<s> [webpack.Progress] 77% sealing module and chunk tree optimization
<s> [webpack.Progress] 77% sealing after module and chunk tree optimization
<s> [webpack.Progress] 77% sealing after module and chunk tree optimization
<s> [webpack.Progress] 78% sealing chunk modules optimization
<s> [webpack.Progress] 78% sealing chunk modules optimization ModuleConcatenationPlugin
<s> [webpack.Progress] 78% sealing chunk modules optimization
<s> [webpack.Progress] 78% sealing after chunk modules optimization
<s> [webpack.Progress] 78% sealing after chunk modules optimization
<s> [webpack.Progress] 79% sealing module reviving
<s> [webpack.Progress] 79% sealing module reviving RecordIdsPlugin
<s> [webpack.Progress] 79% sealing module reviving
<s> [webpack.Progress] 80% sealing before module ids
<s> [webpack.Progress] 80% sealing before module ids
<s> [webpack.Progress] 80% sealing module ids
<s> [webpack.Progress] 80% sealing module ids NamedModuleIdsPlugin
<s> [webpack.Progress] 80% sealing module ids
<s> [webpack.Progress] 81% sealing module id optimization
<s> [webpack.Progress] 81% sealing module id optimization
<s> [webpack.Progress] 82% sealing module id optimization
<s> [webpack.Progress] 82% sealing module id optimization
<s> [webpack.Progress] 82% sealing chunk reviving
<s> [webpack.Progress] 82% sealing chunk reviving RecordIdsPlugin
<s> [webpack.Progress] 82% sealing chunk reviving
<s> [webpack.Progress] 83% sealing before chunk ids
<s> [webpack.Progress] 83% sealing before chunk ids
<s> [webpack.Progress] 84% sealing chunk ids
<s> [webpack.Progress] 84% sealing chunk ids DeterministicChunkIdsPlugin
<s> [webpack.Progress] 84% sealing chunk ids
<s> [webpack.Progress] 84% sealing chunk id optimization
<s> [webpack.Progress] 84% sealing chunk id optimization FlagIncludedChunksPlugin
<s> [webpack.Progress] 84% sealing chunk id optimization
<s> [webpack.Progress] 85% sealing after chunk id optimization
<s> [webpack.Progress] 85% sealing after chunk id optimization
<s> [webpack.Progress] 86% sealing record modules
<s> [webpack.Progress] 86% sealing record modules RecordIdsPlugin
<s> [webpack.Progress] 86% sealing record modules
<s> [webpack.Progress] 86% sealing record chunks
<s> [webpack.Progress] 86% sealing record chunks RecordIdsPlugin
<s> [webpack.Progress] 86% sealing record chunks
<s> [webpack.Progress] 87% sealing module hashing
<s> [webpack.Progress] 87% sealing module hashing
<s> [webpack.Progress] 87% sealing code generation
<s> [webpack.Progress] 87% sealing code generation
<s> [webpack.Progress] 88% sealing runtime requirements
<s> [webpack.Progress] 88% sealing runtime requirements
<s> [webpack.Progress] 89% sealing hashing
<s> [webpack.Progress] 89% sealing hashing
<s> [webpack.Progress] 89% sealing after hashing
<s> [webpack.Progress] 89% sealing after hashing
<s> [webpack.Progress] 90% sealing record hash
<s> [webpack.Progress] 90% sealing record hash
<s> [webpack.Progress] 91% sealing module assets processing
<s> [webpack.Progress] 91% sealing module assets processing
<s> [webpack.Progress] 91% sealing chunk assets processing
<s> [webpack.Progress] 91% sealing chunk assets processing
<s> [webpack.Progress] 92% sealing asset processing
<s> [webpack.Progress] 92% sealing asset processing copy-webpack-plugin
<s> [webpack.Progress] 92% sealing asset processing PersistentChildCompilerSingletonPlugin
<s> [webpack.Progress] 92% sealing asset processing TerserPlugin
info => Manager built (33 s)
<s> [webpack.Progress] 92% sealing asset processing SourceMapDevToolPlugin
<s> [webpack.Progress] 92% sealing asset processing SourceMapDevToolPlugin
<s> [webpack.Progress] 92% sealing asset processing SourceMapDevToolPlugin main.510ac0a9.iframe.bundle.js generate SourceMap
<s> [webpack.Progress] 92% sealing asset processing SourceMapDevToolPlugin main.510ac0a9.iframe.bundle.js generated SourceMap
<s> [webpack.Progress] 92% sealing asset processing SourceMapDevToolPlugin runtime~main.a72d0157.iframe.bundle.js generate SourceMap
<s> [webpack.Progress] 92% sealing asset processing SourceMapDevToolPlugin runtime~main.a72d0157.iframe.bundle.js generated SourceMap
<s> [webpack.Progress] 92% sealing asset processing SourceMapDevToolPlugin 701.afc546ab.iframe.bundle.js generate SourceMap
<s> [webpack.Progress] 92% sealing asset processing SourceMapDevToolPlugin 701.afc546ab.iframe.bundle.js generated SourceMap
<s> [webpack.Progress] 92% sealing asset processing SourceMapDevToolPlugin 42.3f57504f.iframe.bundle.js generate SourceMap
<s> [webpack.Progress] 92% sealing asset processing SourceMapDevToolPlugin 42.3f57504f.iframe.bundle.js generated SourceMap
<s> [webpack.Progress] 92% sealing asset processing SourceMapDevToolPlugin 39.723154d3.iframe.bundle.js generate SourceMap
<s> [webpack.Progress] 92% sealing asset processing SourceMapDevToolPlugin 39.723154d3.iframe.bundle.js generated SourceMap
<s> [webpack.Progress] 92% sealing asset processing SourceMapDevToolPlugin 236.7199067e.iframe.bundle.js generate SourceMap
<s> [webpack.Progress] 92% sealing asset processing SourceMapDevToolPlugin 236.7199067e.iframe.bundle.js generated SourceMap
<s> [webpack.Progress] 92% sealing asset processing SourceMapDevToolPlugin 22.1de42aa3.iframe.bundle.js generate SourceMap
<s> [webpack.Progress] 92% sealing asset processing SourceMapDevToolPlugin 22.1de42aa3.iframe.bundle.js generated SourceMap
<s> [webpack.Progress] 92% sealing asset processing SourceMapDevToolPlugin 574.8a947f24.iframe.bundle.js generate SourceMap
<s> [webpack.Progress] 92% sealing asset processing SourceMapDevToolPlugin 574.8a947f24.iframe.bundle.js generated SourceMap
<s> [webpack.Progress] 92% sealing asset processing SourceMapDevToolPlugin 881.b41cc152.iframe.bundle.js generate SourceMap
<s> [webpack.Progress] 92% sealing asset processing SourceMapDevToolPlugin 881.b41cc152.iframe.bundle.js generated SourceMap
<s> [webpack.Progress] 92% sealing asset processing SourceMapDevToolPlugin 459.f2a3c43b.iframe.bundle.js generate SourceMap
<s> [webpack.Progress] 92% sealing asset processing SourceMapDevToolPlugin 459.f2a3c43b.iframe.bundle.js generated SourceMap
<s> [webpack.Progress] 92% sealing asset processing SourceMapDevToolPlugin 331.082c5d07.iframe.bundle.js generate SourceMap
<s> [webpack.Progress] 92% sealing asset processing SourceMapDevToolPlugin 331.082c5d07.iframe.bundle.js generated SourceMap
<s> [webpack.Progress] 92% sealing asset processing SourceMapDevToolPlugin 935.49c00c83.iframe.bundle.js generate SourceMap
<s> [webpack.Progress] 92% sealing asset processing SourceMapDevToolPlugin 935.49c00c83.iframe.bundle.js generated SourceMap
<s> [webpack.Progress] 92% sealing asset processing SourceMapDevToolPlugin 901.93cc9342.iframe.bundle.js generate SourceMap
<s> [webpack.Progress] 92% sealing asset processing SourceMapDevToolPlugin 901.93cc9342.iframe.bundle.js generated SourceMap
<s> [webpack.Progress] 92% sealing asset processing SourceMapDevToolPlugin assets/css/style.css generate SourceMap
<s> [webpack.Progress] 92% sealing asset processing SourceMapDevToolPlugin assets/css/style.css generated SourceMap
<s> [webpack.Progress] 92% sealing asset processing SourceMapDevToolPlugin resolve sources
<s> [webpack.Progress] 92% sealing asset processing SourceMapDevToolPlugin
<s> [webpack.Progress] 92% sealing asset processing HtmlWebpackPlugin
<s> [webpack.Progress] 92% sealing asset processing HtmlWebpackPlugin
<s> [webpack.Progress] 92% sealing asset processing HtmlWebpackPlugin resolve sources
<s> [webpack.Progress] 92% sealing asset processing HtmlWebpackPlugin
<s> [webpack.Progress] 92% sealing asset processing RealContentHashPlugin
<s> [webpack.Progress] 92% sealing asset processing RealContentHashPlugin
<s> [webpack.Progress] 92% sealing asset processing RealContentHashPlugin main.03887d14.iframe.bundle.js generate SourceMap
<s> [webpack.Progress] 92% sealing asset processing RealContentHashPlugin main.03887d14.iframe.bundle.js generated SourceMap
<s> [webpack.Progress] 92% sealing asset processing RealContentHashPlugin runtime~main.b85036c9.iframe.bundle.js generate SourceMap
<s> [webpack.Progress] 92% sealing asset processing RealContentHashPlugin runtime~main.b85036c9.iframe.bundle.js generated SourceMap
<s> [webpack.Progress] 92% sealing asset processing RealContentHashPlugin 701.5c6edf83.iframe.bundle.js generate SourceMap
<s> [webpack.Progress] 92% sealing asset processing RealContentHashPlugin 701.5c6edf83.iframe.bundle.js generated SourceMap
<s> [webpack.Progress] 92% sealing asset processing RealContentHashPlugin 574.6999443d.iframe.bundle.js generate SourceMap
<s> [webpack.Progress] 92% sealing asset processing RealContentHashPlugin 574.6999443d.iframe.bundle.js generated SourceMap
<s> [webpack.Progress] 92% sealing asset processing RealContentHashPlugin 881.559ab209.iframe.bundle.js generate SourceMap
<s> [webpack.Progress] 92% sealing asset processing RealContentHashPlugin 881.559ab209.iframe.bundle.js generated SourceMap
<s> [webpack.Progress] 92% sealing asset processing RealContentHashPlugin 459.1a7d7888.iframe.bundle.js generate SourceMap
<s> [webpack.Progress] 92% sealing asset processing RealContentHashPlugin 459.1a7d7888.iframe.bundle.js generated SourceMap
<s> [webpack.Progress] 92% sealing asset processing RealContentHashPlugin 42.0f491190.iframe.bundle.js generate SourceMap
<s> [webpack.Progress] 92% sealing asset processing RealContentHashPlugin 42.0f491190.iframe.bundle.js generated SourceMap
<s> [webpack.Progress] 92% sealing asset processing RealContentHashPlugin 39.605a16ae.iframe.bundle.js generate SourceMap
<s> [webpack.Progress] 92% sealing asset processing RealContentHashPlugin 39.605a16ae.iframe.bundle.js generated SourceMap
<s> [webpack.Progress] 92% sealing asset processing RealContentHashPlugin 236.463453b5.iframe.bundle.js generate SourceMap
<s> [webpack.Progress] 92% sealing asset processing RealContentHashPlugin 236.463453b5.iframe.bundle.js generated SourceMap
<s> [webpack.Progress] 92% sealing asset processing RealContentHashPlugin 22.5a8f60ea.iframe.bundle.js generate SourceMap
<s> [webpack.Progress] 92% sealing asset processing RealContentHashPlugin 22.5a8f60ea.iframe.bundle.js generated SourceMap
<s> [webpack.Progress] 92% sealing asset processing RealContentHashPlugin 331.9a4f69b5.iframe.bundle.js generate SourceMap
<s> [webpack.Progress] 92% sealing asset processing RealContentHashPlugin 331.9a4f69b5.iframe.bundle.js generated SourceMap
<s> [webpack.Progress] 92% sealing asset processing RealContentHashPlugin 935.139ff10e.iframe.bundle.js generate SourceMap
<s> [webpack.Progress] 92% sealing asset processing RealContentHashPlugin 935.139ff10e.iframe.bundle.js generated SourceMap
<s> [webpack.Progress] 92% sealing asset processing RealContentHashPlugin 901.beabd8fa.iframe.bundle.js generate SourceMap
<s> [webpack.Progress] 92% sealing asset processing RealContentHashPlugin 901.beabd8fa.iframe.bundle.js generated SourceMap
<s> [webpack.Progress] 92% sealing asset processing RealContentHashPlugin resolve sources
<s> [webpack.Progress] 92% sealing asset processing RealContentHashPlugin
<s> [webpack.Progress] 92% sealing asset processing AnyComponentStyleBudgetChecker
<s> [webpack.Progress] 92% sealing asset processing
<s> [webpack.Progress] 93% sealing after asset optimization
<s> [webpack.Progress] 93% sealing after asset optimization
<s> [webpack.Progress] 93% sealing recording
<s> [webpack.Progress] 93% sealing recording
<s> [webpack.Progress] 94% sealing after seal
<s> [webpack.Progress] 94% sealing after seal
<s> [webpack.Progress] 95% emitting emit
<s> [webpack.Progress] 95% emitting emit fork-ts-checker-webpack-plugin
<s> [webpack.Progress] 95% emitting emit
<s> [webpack.Progress] 98% emitting after emit
<s> [webpack.Progress] 98% emitting after emit SizeLimitsPlugin
<s> [webpack.Progress] 98% emitting after emit
<s> [webpack.Progress] 99% done plugins
<s> [webpack.Progress] 99% done plugins CaseSensitivePathsPlugin
<s> [webpack.Progress] 99% done plugins fork-ts-checker-webpack-plugin
<s> [webpack.Progress] 99% done plugins fork-ts-checker-webpack-plugin
<s> [webpack.Progress] 99% done plugins
<s> [webpack.Progress] 99%

<s> [webpack.Progress] 99% cache store build dependencies
<s> [webpack.Progress] 99% cache store build dependencies
<s> [webpack.Progress] 99% cache begin idle
<s> [webpack.Progress] 99% cache begin idle
<s> [webpack.Progress] 100%

info => Preview built (38 s)
WARN System.import() is deprecated and will be removed soon. Use import() instead.
WARN For more info visit https://webpack.js.org/guides/code-splitting/
WARN System.import() is deprecated and will be removed soon. Use import() instead.
WARN For more info visit https://webpack.js.org/guides/code-splitting/
WARN asset size limit: The following asset(s) exceed the recommended size limit (244 KiB).
WARN This can impact web performance.
WARN Assets:
WARN   assets/img/toppings/pepperoni.svg (627 KiB)
WARN   42.0f491190.iframe.bundle.js (634 KiB)
WARN   236.463453b5.iframe.bundle.js (595 KiB)
WARN   901.beabd8fa.iframe.bundle.js (2.86 MiB)
WARN entrypoint size limit: The following entrypoint(s) combined asset size exceeds the recommended limit (244 KiB). This can impact web performance.
WARN Entrypoints:
WARN   main (3.06 MiB)
WARN       runtime~main.b85036c9.iframe.bundle.js
WARN       901.beabd8fa.iframe.bundle.js
WARN       main.03887d14.iframe.bundle.js
WARN
<s> [webpack.Progress] 99% cache shutdown
<s> [webpack.Progress] 99% cache shutdown
<s> [webpack.Progress] 100%

info => Output directory: C:\\Users\\WILLIA~1\\AppData\\Local\\Temp\\chromatic--11768-gWGScVidYmHT
